2022-06-08 19:10:50,264 INFO ... Student class Instantiated...
2022-06-08 19:10:50,264 INFO ... property decorator implemented...
2022-06-08 19:16:30,025 DEBUG pickle loaded: C:\Users\USER\anaconda3\lib\site-packages\jedi\third_party\typeshed\stdlib\2and3\builtins.pyi
2022-06-08 19:16:30,230 DEBUG pickle loaded: C:\Users\USER\anaconda3\lib\site-packages\jedi\third_party\typeshed\stdlib\3\sys.pyi
2022-06-08 19:16:34,461 DEBUG diff parser start
2022-06-08 19:16:34,463 DEBUG line_lengths old: 3; new: 3
2022-06-08 19:16:34,463 DEBUG -> code[equal] old[1:2] new[1:2]
2022-06-08 19:16:34,463 DEBUG copy old[1:2] new[1:2]
2022-06-08 19:16:34,464 DEBUG -> code[replace] old[3:3] new[3:3]
2022-06-08 19:16:34,464 DEBUG parse_part from 3 to 3 (to 2 in part parser)
2022-06-08 19:16:34,464 DEBUG diff parser end
2022-06-08 19:16:37,722 INFO ... Student class Instantiated...
2022-06-08 19:16:37,722 INFO ... property decorator implemented...
2022-06-08 19:16:51,172 DEBUG diff parser start
2022-06-08 19:16:51,172 DEBUG line_lengths old: 3; new: 17
2022-06-08 19:16:51,173 DEBUG -> code[replace] old[1:3] new[1:17]
2022-06-08 19:16:51,179 DEBUG parse_part from 1 to 17 (to 16 in part parser)
2022-06-08 19:16:51,179 DEBUG diff parser end
2022-06-08 19:16:53,061 INFO ... Student class Instantiated...
2022-06-08 19:16:53,062 INFO ... property decorator implemented...
2022-06-08 19:17:00,556 INFO ... Student class Instantiated...
2022-06-08 19:17:00,556 INFO ... property decorator implemented...
2022-06-08 19:17:04,217 INFO ... Student class Instantiated...
2022-06-08 19:17:04,217 INFO ... property decorator implemented...
2022-06-08 19:17:37,852 INFO ... Student class Instantiated...
2022-06-08 19:17:37,852 INFO ... property decorator implemented...
2022-06-08 19:17:46,059 INFO ... Student class Instantiated...
2022-06-08 19:17:46,060 INFO ... property decorator implemented...
2022-06-08 19:17:57,970 DEBUG diff parser start
2022-06-08 19:17:57,970 DEBUG line_lengths old: 17; new: 21
2022-06-08 19:17:57,970 DEBUG -> code[equal] old[1:16] new[1:16]
2022-06-08 19:17:57,971 DEBUG copy old[1:16] new[1:16]
2022-06-08 19:17:57,971 DEBUG -> code[replace] old[17:17] new[17:21]
2022-06-08 19:17:57,972 DEBUG parse_part from 17 to 17 (to 17 in part parser)
2022-06-08 19:17:57,972 DEBUG parse_part from 18 to 21 (to 20 in part parser)
2022-06-08 19:17:57,973 DEBUG diff parser end
2022-06-08 19:17:58,066 DEBUG pickle loaded: C:\Users\USER\anaconda3\lib\typing.py
2022-06-08 19:17:58,087 DEBUG pickle loaded: C:\Users\USER\anaconda3\lib\site-packages\jedi\third_party\typeshed\stdlib\3\typing.pyi
2022-06-08 19:18:02,379 DEBUG diff parser start
2022-06-08 19:18:02,379 DEBUG line_lengths old: 21; new: 22
2022-06-08 19:18:02,380 DEBUG -> code[equal] old[1:20] new[1:20]
2022-06-08 19:18:02,380 DEBUG copy old[1:20] new[1:17]
2022-06-08 19:18:02,381 DEBUG parse_part from 18 to 17 (to 17 in part parser)
2022-06-08 19:18:02,382 DEBUG parse_part from 18 to 22 (to 21 in part parser)
2022-06-08 19:18:02,382 DEBUG -> code[replace] old[21:21] new[21:22]
2022-06-08 19:18:02,382 DEBUG diff parser end
2022-06-08 19:18:09,181 DEBUG diff parser start
2022-06-08 19:18:09,182 DEBUG line_lengths old: 22; new: 22
2022-06-08 19:18:09,182 DEBUG -> code[equal] old[1:21] new[1:21]
2022-06-08 19:18:09,182 DEBUG copy old[1:21] new[1:17]
2022-06-08 19:18:09,182 DEBUG parse_part from 18 to 17 (to 17 in part parser)
2022-06-08 19:18:09,183 DEBUG parse_part from 18 to 22 (to 21 in part parser)
2022-06-08 19:18:09,184 DEBUG -> code[replace] old[22:22] new[22:22]
2022-06-08 19:18:09,184 DEBUG diff parser end
2022-06-08 19:19:20,125 INFO ... Student class Instantiated...
2022-06-08 19:19:20,126 INFO ... property decorator implemented...
