2022-06-08 17:38:35,127 INFO ...New object initiated...
2022-06-08 17:40:30,642 INFO ...New object initiated...
2022-06-08 17:42:03,158 INFO ...New object initiated...
2022-06-08 17:42:14,926 INFO string has been updated in the file
2022-06-08 17:45:29,986 INFO ...New object initiated...
2022-06-08 17:45:40,042 INFO ...New object initiated...
2022-06-08 17:45:51,199 INFO string has been updated in the file
2022-06-08 17:46:30,132 INFO ...New object initiated...
2022-06-08 17:47:23,542 DEBUG pickle loaded: C:\Users\USER\anaconda3\lib\site-packages\jedi\third_party\typeshed\stdlib\2and3\builtins.pyi
2022-06-08 17:47:23,704 DEBUG pickle loaded: C:\Users\USER\anaconda3\lib\site-packages\jedi\third_party\typeshed\stdlib\3\sys.pyi
2022-06-08 17:48:39,237 INFO ...New object initiated...
2022-06-08 17:48:49,665 ERROR This is Exception during writing a file. Error: local variable 'new_string' referenced before assignment
Traceback (most recent call last):
  File "C:\Users\USER\AppData\Local\Temp/ipykernel_12588/940006005.py", line 26, in replace_string_in_a_file
    f.writelines(new_string)
UnboundLocalError: local variable 'new_string' referenced before assignment
2022-06-08 17:49:43,785 INFO ...New object initiated...
2022-06-08 17:50:25,666 INFO ...New object initiated...
2022-06-08 17:50:35,820 ERROR This is Exception during writing a file. Error: truncate
Traceback (most recent call last):
  File "C:\Users\USER\AppData\Local\Temp/ipykernel_12588/3445780352.py", line 26, in replace_string_in_a_file
    f.truncate(0)
io.UnsupportedOperation: truncate
2022-06-08 17:51:00,330 INFO ...New object initiated...
2022-06-08 17:51:14,673 ERROR This is Exception during writing a file. Error: truncate
Traceback (most recent call last):
  File "C:\Users\USER\AppData\Local\Temp/ipykernel_12588/3445780352.py", line 26, in replace_string_in_a_file
    f.truncate(0)
io.UnsupportedOperation: truncate
2022-06-08 17:52:13,159 INFO ...New object initiated...
2022-06-08 17:52:24,413 INFO string has been updated in the file
2022-06-08 17:53:17,438 INFO ...New object initiated...
2022-06-08 17:53:28,733 INFO string has been updated in the file
2022-06-08 17:53:49,363 INFO ...New object initiated...
2022-06-08 17:54:04,331 INFO string has been updated in the file
2022-06-08 18:08:15,264 INFO ... Executing Child class ...
2022-06-08 18:08:46,927 INFO ... Executing Child class ...
2022-06-08 18:09:10,772 INFO ... Executing Child class ...
